<?xml version="1.0" encoding="UTF-8" ?>
<testsuite tests="25" failures="0" name="client.networking.ServerTest" time="7.317" errors="0" skipped="0">
  <properties>
[...]
</properties>
  <testcase classname="client.networking.ServerTest" name="testBadPlayMonumentCard" time="0.666"/>
  <testcase classname="client.networking.ServerTest" name="testBadMaritimeTrade" time="0.011"/>
  <testcase classname="client.networking.ServerTest" name="testBadFinishTurn" time="0.015"/>
  <testcase classname="client.networking.ServerTest" name="testGetGames" time="0.379"/>
  <testcase classname="client.networking.ServerTest" name="testBadPlaySoldierCard" time="0.049"/>
  <testcase classname="client.networking.ServerTest" name="testBadSendChat" time="0.013"/>
  <testcase classname="client.networking.ServerTest" name="testBadBuildSettlement" time="0.033"/>
  <testcase classname="client.networking.ServerTest" name="testLogin" time="0.048"/>
  <testcase classname="client.networking.ServerTest" name="testActualUserInteraction" time="0.693"/>
  <testcase classname="client.networking.ServerTest" name="testBadPlayRoadBuildingCard" time="0.022"/>
  <testcase classname="client.networking.ServerTest" name="testJoinGame" time="0.004"/>
  <testcase classname="client.networking.ServerTest" name="testBadDiscardCards" time="0.011"/>
  <testcase classname="client.networking.ServerTest" name="testBadRollNumber" time="0.009"/>
  <testcase classname="client.networking.ServerTest" name="testCreateGame" time="0.029"/>
  <testcase classname="client.networking.ServerTest" name="testBadBuildCity" time="0.012"/>
  <testcase classname="client.networking.ServerTest" name="testBadBuildRoad" time="0.019"/>
  <testcase classname="client.networking.ServerTest" name="testBadGetCurrentGameModel" time="0.003"/>
  <testcase classname="client.networking.ServerTest" name="testBadPlayMonopolyCard" time="0.013"/>
  <testcase classname="client.networking.ServerTest" name="testBadOfferTrade" time="0.02"/>
  <testcase classname="client.networking.ServerTest" name="testBadTradeResponse" time="0.014"/>
  <testcase classname="client.networking.ServerTest" name="testBadPlayYOPCard" time="0.019"/>
  <testcase classname="client.networking.ServerTest" name="testRegisterNewUser" time="0.031"/>
  <testcase classname="client.networking.ServerTest" name="testBadRobPlayer" time="0.014"/>
  <testcase classname="client.networking.ServerTest" name="testPoller" time="5.064"/>
  <testcase classname="client.networking.ServerTest" name="testBadBuyDevCard" time="0.034"/>
</testsuite>