<?xml version="1.0" encoding="UTF-8" ?>
<testsuite tests="8" failures="0" name="model.bank.IDevelopmentCardBankTest" time="0.005" errors="0" skipped="0">
  <properties>
[...]
</properties>
  <testcase classname="model.bank.IDevelopmentCardBankTest" name="testAddDevCard" time="0"/>
  <testcase classname="model.bank.IDevelopmentCardBankTest" name="testDraw" time="0"/>
  <testcase classname="model.bank.IDevelopmentCardBankTest" name="testCanUseRoadBuild" time="0"/>
  <testcase classname="model.bank.IDevelopmentCardBankTest" name="testCanUseSoldier" time="0"/>
  <testcase classname="model.bank.IDevelopmentCardBankTest" name="testCanUseYearOfPlenty" time="0"/>
  <testcase classname="model.bank.IDevelopmentCardBankTest" name="testUseYearOfPlenty" time="0"/>
  <testcase classname="model.bank.IDevelopmentCardBankTest" name="testCanUseMonopoly" time="0"/>
  <testcase classname="model.bank.IDevelopmentCardBankTest" name="testCanUseMonument" time="0"/>
</testsuite>